seed set to 1
arguments are: /home/xukang/Project/Autonomous_Robotics_Envolutionary/evolutionary_robotics_framework/experiments/morphneuro/parameters.csv, 1099, 4, 
Connecting to vrep on port 1099
Connecting to vrep on port 1100
Connecting to vrep on port 1101
Connecting to vrep on port 1102
Seed set to 1636516581
initialized EA 
Starting Simulation
Starting Simulation
Slave 2 Waiting for all instances to finish before starting next generation
Slave 3 Waiting for all instances to finish before starting next generation
Slave : 1 individual 0 is evaluated
Slave : 1 fitness = 0.621722, 
Slave 2 Waiting for all instances to finish before starting next generation
Slave 3 Waiting for all instances to finish before starting next generation
Slave 1 Waiting for all instances to finish before starting next generation
Slave 2 Waiting for all instances to finish before starting next generation
Slave 3 Waiting for all instances to finish before starting next generation
Slave 1 Waiting for all instances to finish before starting next generation
Slave 2 Waiting for all instances to finish before starting next generation
Slave 3 Waiting for all instances to finish before starting next generation
Slave 1 Waiting for all instances to finish before starting next generation
Slave 2 Waiting for all instances to finish before starting next generation
Slave 3 Waiting for all instances to finish before starting next generation
Slave 1 Waiting for all instances to finish before starting next generation
Slave 2 Waiting for all instances to finish before starting next generation
Slave 3 Waiting for all instances to finish before starting next generation
Slave 1 Waiting for all instances to finish before starting next generation
Slave 2 Waiting for all instances to finish before starting next generation
Slave 3 Waiting for all instances to finish before starting next generation
Slave : 0 individual 1 is evaluated
Slave : 0 fitness = 0.620263, 
Slave 1 Waiting for all instances to finish before starting next generation
Slave 2 Waiting for all instances to finish before starting next generation
Slave 3 Waiting for all instances to finish before starting next generation
Slave 0 Waiting for all instances to finish before starting next generation
Slave 1 Waiting for all instances to finish before starting next generation
Slave 2 Waiting for all instances to finish before starting next generation
Slave 3 Waiting for all instances to finish before starting next generation
-_- GENERATION _-_ 0 finished
Starting Simulation
Starting Simulation
Slave 2 Waiting for all instances to finish before starting next generation
Slave 3 Waiting for all instances to finish before starting next generation
Slave 2 Waiting for all instances to finish before starting next generation
Slave 3 Waiting for all instances to finish before starting next generation
Slave : 0 individual 1 is evaluated
Slave : 0 fitness = 0.642102, 
Slave : 1 individual 0 is evaluated
Slave : 1 fitness = 0.614656, 
Slave 2 Waiting for all instances to finish before starting next generation
Slave 3 Waiting for all instances to finish before starting next generation
Slave 0 Waiting for all instances to finish before starting next generation
Slave 1 Waiting for all instances to finish before starting next generation
Slave 2 Waiting for all instances to finish before starting next generation
Slave 3 Waiting for all instances to finish before starting next generation
-_- GENERATION _-_ 1 finished
Starting Simulation
Starting Simulation
Slave 2 Waiting for all instances to finish before starting next generation
Slave 3 Waiting for all instances to finish before starting next generation
Slave 2 Waiting for all instances to finish before starting next generation
Slave 3 Waiting for all instances to finish before starting next generation
Slave : 0 individual 1 is evaluated
Slave : 0 fitness = 0.627286, 
Slave : 1 individual 0 is evaluated
Slave : 1 fitness = 0.625256, 
Slave 2 Waiting for all instances to finish before starting next generation
Slave 3 Waiting for all instances to finish before starting next generation
Slave 0 Waiting for all instances to finish before starting next generation
Slave 1 Waiting for all instances to finish before starting next generation
Slave 2 Waiting for all instances to finish before starting next generation
Slave 3 Waiting for all instances to finish before starting next generation
-_- GENERATION _-_ 2 finished
Starting Simulation
Starting Simulation
Slave 2 Waiting for all instances to finish before starting next generation
Slave 3 Waiting for all instances to finish before starting next generation
Slave 2 Waiting for all instances to finish before starting next generation
Slave 3 Waiting for all instances to finish before starting next generation
Slave : 0 individual 1 is evaluated
Slave : 0 fitness = 0.624823, 
Slave : 1 individual 0 is evaluated
Slave : 1 fitness = 0.626952, 
Slave 2 Waiting for all instances to finish before starting next generation
Slave 3 Waiting for all instances to finish before starting next generation
Slave 0 Waiting for all instances to finish before starting next generation
Slave 1 Waiting for all instances to finish before starting next generation
Slave 2 Waiting for all instances to finish before starting next generation
Slave 3 Waiting for all instances to finish before starting next generation
-_- GENERATION _-_ 3 finished
Starting Simulation
Starting Simulation
Slave 2 Waiting for all instances to finish before starting next generation
Slave 3 Waiting for all instances to finish before starting next generation
Slave 2 Waiting for all instances to finish before starting next generation
Slave 3 Waiting for all instances to finish before starting next generation
Slave 2 Waiting for all instances to finish before starting next generation
Slave 3 Waiting for all instances to finish before starting next generation
Slave : 0 individual 1 is evaluated
Slave : 0 fitness = 0.637308, 
Slave : 1 individual 0 is evaluated
Slave : 1 fitness = 0.628538, 
Slave 2 Waiting for all instances to finish before starting next generation
Slave 3 Waiting for all instances to finish before starting next generation
Slave 0 Waiting for all instances to finish before starting next generation
Slave 1 Waiting for all instances to finish before starting next generation
Slave 2 Waiting for all instances to finish before starting next generation
Slave 3 Waiting for all instances to finish before starting next generation
-_- GENERATION _-_ 4 finished
---------------------
Evolution is Finished
---------------------
closing simulator 1099
closing simulator 1100
closing simulator 1101
closing simulator 1102
Client done, shutting down
