Loading the V-REP library...
Done!
Launching V-REP...

V-REP PRO EDU V3.6.2. (rev. 0)
Using the default Lua library.
Add-on script 'vrepAddOnScript-addOnScriptDemo.lua' was loaded.
Add-on script 'vrepAddOnScript-b0RemoteApiServer.lua' was loaded.
Add-on script 'vrepAddOnScript_PyRep.lua' was loaded.
Simulator launched.
Plugin 'MeshCalc': loading...
Plugin 'MeshCalc': load succeeded.
Plugin 'Assimp': loading...
Plugin 'Assimp': warning: replaced variable 'simAssimp'
Plugin 'Assimp': load succeeded.
Plugin 'BlueZero': loading...
Error with plugin 'BlueZero': load failed (could not load). The plugin probably couldn't load dependency libraries. For additional infos, modify the script 'libLoadErrorCheck.sh', run it and inspect the output.
Plugin 'BubbleRob': loading...
Plugin 'BubbleRob': load succeeded.
Plugin 'Bwf': loading...
Plugin 'Bwf': load succeeded.
Plugin 'CodeEditor': loading...
CodeEditor: cannot load in headless mode
Error with plugin 'CodeEditor': load failed (failed initialization).
Plugin 'Collada': loading...
V-REP runs in headless mode. Cannot start 'Collada' plugin.
Error with plugin 'Collada': load failed (failed initialization).
Plugin 'ConvexDecompose': loading...
Plugin 'ConvexDecompose': load succeeded.
Plugin 'CustomUI': loading...
CustomUI: doesn't work in headless mode
