Loading the V-REP library...
Done!
Launching V-REP...

V-REP PRO EDU V3.6.2. (rev. 0)
Using the default Lua library.
Add-on script 'vrepAddOnScript-addOnScriptDemo.lua' was loaded.
Add-on script 'vrepAddOnScript-b0RemoteApiServer.lua' was loaded.
Add-on script 'vrepAddOnScript_PyRep.lua' was loaded.
Simulator launched.
Plugin 'MeshCalc': loading...
Plugin 'MeshCalc': load succeeded.
Plugin 'Assimp': loading...
Plugin 'Assimp': warning: replaced variable 'simAssimp'
Plugin 'Assimp': load succeeded.
Plugin 'BlueZero': loading...
Plugin 'BlueZero': warning: replaced variable 'simB0'
Plugin 'BlueZero': load succeeded.
Plugin 'BubbleRob': loading...
Plugin 'BubbleRob': load succeeded.
Plugin 'Bwf': loading...
Plugin 'Bwf': load succeeded.
Plugin 'CodeEditor': loading...
CodeEditor: cannot load in headless mode
Error with plugin 'CodeEditor': load failed (failed initialization).
Plugin 'Collada': loading...
V-REP runs in headless mode. Cannot start 'Collada' plugin.
Error with plugin 'Collada': load failed (failed initialization).
Plugin 'ConvexDecompose': loading...
Plugin 'ConvexDecompose': load succeeded.
Plugin 'CustomUI': loading...
CustomUI: doesn't work in headless mode
Error with plugin 'CustomUI': load failed (failed initialization).
Plugin 'DynamicsBullet-2-78': loading...
Plugin 'DynamicsBullet-2-78': load succeeded.
Plugin 'DynamicsBullet-2-83': loading...
Plugin 'DynamicsBullet-2-83': load succeeded.
Plugin 'DynamicsNewton': loading...
Plugin 'DynamicsNewton': load succeeded.
Plugin 'DynamicsOde': loading...
Plugin 'DynamicsOde': load succeeded.
Plugin 'DynamicsVortex': loading...
Plugin 'DynamicsVortex': load succeeded.
Plugin 'ER': loading...
Error with plugin 'ER': load failed (could not load). The plugin probably couldn't load dependency libraries. For additional infos, modify the script 'libLoadErrorCheck.sh', run it and inspect the output.
Plugin 'ExternalRenderer': loading...
Plugin 'ExternalRenderer': load succeeded.
Plugin 'ICP': loading...
Plugin 'ICP': warning: replaced variable 'simICP'
Plugin 'ICP': load succeeded.
Plugin 'Image': loading...
Plugin 'Image': warning: replaced variable 'simIM'
Plugin 'Image': load succeeded.
Plugin 'K3': loading...
Plugin 'K3': load succeeded.
Plugin 'LuaCommander': loading...
LuaCommander: cannot find the statusbar widget
Error with plugin 'LuaCommander': load failed (failed initialization).
Plugin 'LuaRemoteApiClient': loading...
Plugin 'LuaRemoteApiClient': load succeeded.
Plugin 'Mtb': loading...
Plugin 'Mtb': load succeeded.
Plugin 'OMPL': loading...
Plugin 'OMPL': warning: replaced variable 'simOMPL'
Plugin 'OMPL': load succeeded.
Plugin 'OpenGL3Renderer': loading...
Plugin 'OpenGL3Renderer': load succeeded.
Plugin 'OpenMesh': loading...
Plugin 'OpenMesh': load succeeded.
Plugin 'Qhull': loading...
Plugin 'Qhull': load succeeded.
Plugin 'RRS1': loading...
Plugin 'RRS1': load succeeded.
Plugin 'ReflexxesTypeII': loading...
Plugin 'ReflexxesTypeII': load succeeded.
Plugin 'RemoteApi': loading...
Starting a remote API server on port 19997
Starting a remote API server on port 12000
Plugin 'RemoteApi': load succeeded.
Plugin 'RosInterface': loading...
Error with plugin 'RosInterface': load failed (could not load). The plugin probably couldn't load dependency libraries. For additional infos, modify the script 'libLoadErrorCheck.sh', run it and inspect the output.
Plugin 'SDF': loading...
SDF: doesn't work in headless mode
Error with plugin 'SDF': load failed (failed initialization).
Plugin 'SurfaceReconstruction': loading...
Plugin 'SurfaceReconstruction': warning: replaced variable 'simSurfRec'
