c:\program files\v-rep3\v-rep_pro_edu\programming\v_repexter_minimal - copy (5)\erclient\x64\debug\vc141.pdb
c:\program files\v-rep3\v-rep_pro_edu\programming\v_repexter_minimal - copy (5)\erclient\x64\debug\vc141.idb
c:\program files\v-rep3\v-rep_pro_edu\programming\v_repexter_minimal - copy (5)\erclient\x64\debug\extapiplatform.obj
c:\program files\v-rep3\v-rep_pro_edu\programming\v_repexter_minimal - copy (5)\erclient\x64\debug\extapi.obj
c:\program files\v-rep3\v-rep_pro_edu\programming\v_repexter_minimal - copy (5)\erclient\x64\debug\ea_steadystate.obj
c:\program files\v-rep3\v-rep_pro_edu\programming\v_repexter_minimal - copy (5)\erclient\x64\debug\ea_generational.obj
c:\program files\v-rep3\v-rep_pro_edu\programming\v_repexter_minimal - copy (5)\erclient\x64\debug\ea.obj
c:\program files\v-rep3\v-rep_pro_edu\programming\v_repexter_minimal - copy (5)\erclient\x64\debug\defaultgenome.obj
c:\program files\v-rep3\v-rep_pro_edu\programming\v_repexter_minimal - copy (5)\erclient\x64\debug\simplecontrol.obj
c:\program files\v-rep3\v-rep_pro_edu\programming\v_repexter_minimal - copy (5)\erclient\x64\debug\hormones.obj
c:\program files\v-rep3\v-rep_pro_edu\programming\v_repexter_minimal - copy (5)\erclient\x64\debug\customann.obj
c:\program files\v-rep3\v-rep_pro_edu\programming\v_repexter_minimal - copy (5)\erclient\x64\debug\cppn.obj
c:\program files\v-rep3\v-rep_pro_edu\programming\v_repexter_minimal - copy (5)\erclient\x64\debug\controlfactory.obj
c:\program files\v-rep3\v-rep_pro_edu\programming\v_repexter_minimal - copy (5)\erclient\x64\debug\control.obj
c:\program files\v-rep3\v-rep_pro_edu\programming\v_repexter_minimal - copy (5)\erclient\x64\debug\ann.obj
c:\program files\v-rep3\v-rep_pro_edu\programming\v_repexter_minimal - copy (5)\erclient\x64\debug\port_handler_windows.obj
c:\program files\v-rep3\v-rep_pro_edu\programming\v_repexter_minimal - copy (5)\erclient\x64\debug\protocol2_packet_handler.obj
c:\program files\v-rep3\v-rep_pro_edu\programming\v_repexter_minimal - copy (5)\erclient\x64\debug\protocol1_packet_handler.obj
c:\program files\v-rep3\v-rep_pro_edu\programming\v_repexter_minimal - copy (5)\erclient\x64\debug\port_handler.obj
c:\program files\v-rep3\v-rep_pro_edu\programming\v_repexter_minimal - copy (5)\erclient\x64\debug\packet_handler.obj
c:\program files\v-rep3\v-rep_pro_edu\programming\v_repexter_minimal - copy (5)\erclient\x64\debug\group_sync_write.obj
c:\program files\v-rep3\v-rep_pro_edu\programming\v_repexter_minimal - copy (5)\erclient\x64\debug\group_sync_read.obj
c:\program files\v-rep3\v-rep_pro_edu\programming\v_repexter_minimal - copy (5)\erclient\x64\debug\group_bulk_write.obj
c:\program files\v-rep3\v-rep_pro_edu\programming\v_repexter_minimal - copy (5)\erclient\x64\debug\group_bulk_read.obj
c:\program files\v-rep3\v-rep_pro_edu\programming\v_repexter_minimal - copy (5)\erclient\x64\debug\outputneuron.obj
c:\program files\v-rep3\v-rep_pro_edu\programming\v_repexter_minimal - copy (5)\erclient\x64\debug\neuronfactory.obj
c:\program files\v-rep3\v-rep_pro_edu\programming\v_repexter_minimal - copy (5)\erclient\x64\debug\neuron.obj
c:\program files\v-rep3\v-rep_pro_edu\programming\v_repexter_minimal - copy (5)\erclient\x64\debug\inputneuron.obj
c:\program files\v-rep3\v-rep_pro_edu\programming\v_repexter_minimal - copy (5)\erclient\x64\debug\functionneuron.obj
c:\program files\v-rep3\v-rep_pro_edu\programming\v_repexter_minimal - copy (5)\erclient\x64\debug\cpgneuron.obj
c:\program files\v-rep3\v-rep_pro_edu\programming\v_repexter_minimal - copy (5)\erclient\x64\debug\morphologyfactory.obj
c:\program files\v-rep3\v-rep_pro_edu\programming\v_repexter_minimal - copy (5)\erclient\x64\debug\morphology.obj
c:\program files\v-rep3\v-rep_pro_edu\programming\v_repexter_minimal - copy (5)\erclient\x64\debug\fixedbasemorphology.obj
c:\program files\v-rep3\v-rep_pro_edu\programming\v_repexter_minimal - copy (5)\erclient\x64\debug\er_lsystem.obj
c:\program files\v-rep3\v-rep_pro_edu\programming\v_repexter_minimal - copy (5)\erclient\x64\debug\er_directencoding.obj
c:\program files\v-rep3\v-rep_pro_edu\programming\v_repexter_minimal - copy (5)\erclient\x64\debug\er_cppn_encoding.obj
c:\program files\v-rep3\v-rep_pro_edu\programming\v_repexter_minimal - copy (5)\erclient\x64\debug\er_cppn.obj
c:\program files\v-rep3\v-rep_pro_edu\programming\v_repexter_minimal - copy (5)\erclient\x64\debug\edgarsamazingmorphologyclass.obj
c:\program files\v-rep3\v-rep_pro_edu\programming\v_repexter_minimal - copy (5)\erclient\x64\debug\development.obj
c:\program files\v-rep3\v-rep_pro_edu\programming\v_repexter_minimal - copy (5)\erclient\x64\debug\custommorphology.obj
c:\program files\v-rep3\v-rep_pro_edu\programming\v_repexter_minimal - copy (5)\erclient\x64\debug\cat.obj
c:\program files\v-rep3\v-rep_pro_edu\programming\v_repexter_minimal - copy (5)\erclient\x64\debug\basemorphology.obj
c:\program files\v-rep3\v-rep_pro_edu\programming\v_repexter_minimal - copy (5)\erclient\x64\debug\genomefactory.obj
c:\program files\v-rep3\v-rep_pro_edu\programming\v_repexter_minimal - copy (5)\erclient\x64\debug\genome.obj
c:\program files\v-rep3\v-rep_pro_edu\programming\v_repexter_minimal - copy (5)\erclient\x64\debug\erclient.obj
c:\program files\v-rep3\v-rep_pro_edu\programming\v_repexter_minimal - copy (5)\erclient\x64\debug\clientea.obj
c:\program files\v-rep3\v-rep_pro_edu\programming\v_repexter_minimal - copy (5)\erclient\x64\debug\randnum.obj
c:\program files\v-rep3\v-rep_pro_edu\programming\v_repexter_minimal - copy (5)\erclient\x64\debug\settingserclient.obj
c:\program files\v-rep3\v-rep_pro_edu\programming\v_repexter_minimal - copy (5)\erclient\x64\debug\settings.obj
c:\program files\v-rep3\v-rep_pro_edu\programming\v_repexter_minimal - copy (5)\erclient\x64\debug\simpleneuron.obj
c:\program files\v-rep3\v-rep_pro_edu\programming\v_repexter_minimal - copy (5)\erclient\x64\debug\patternneuron.obj
c:\program files\v-rep3\v-rep_pro_edu\programming\v_repexter_minimal - copy (5)\x64\debug\erclient.lib
c:\program files\v-rep3\v-rep_pro_edu\programming\v_repexter_minimal - copy (5)\x64\debug\erclient.exp
c:\program files\v-rep3\v-rep_pro_edu\programming\v_repexter_minimal - copy (5)\x64\debug\erclient.ilk
c:\program files\v-rep3\v-rep_pro_edu\programming\v_repexter_minimal - copy (5)\x64\debug\erclient.exe
c:\program files\v-rep3\v-rep_pro_edu\programming\v_repexter_minimal - copy (5)\x64\debug\erclient.pdb
c:\program files\v-rep3\v-rep_pro_edu\programming\v_repexter_minimal - copy (5)\erclient\x64\debug\erclient.tlog\cl.command.1.tlog
c:\program files\v-rep3\v-rep_pro_edu\programming\v_repexter_minimal - copy (5)\erclient\x64\debug\erclient.tlog\cl.read.1.tlog
c:\program files\v-rep3\v-rep_pro_edu\programming\v_repexter_minimal - copy (5)\erclient\x64\debug\erclient.tlog\cl.write.1.tlog
c:\program files\v-rep3\v-rep_pro_edu\programming\v_repexter_minimal - copy (5)\erclient\x64\debug\erclient.tlog\erclient.write.1u.tlog
c:\program files\v-rep3\v-rep_pro_edu\programming\v_repexter_minimal - copy (5)\erclient\x64\debug\erclient.tlog\link.command.1.tlog
c:\program files\v-rep3\v-rep_pro_edu\programming\v_repexter_minimal - copy (5)\erclient\x64\debug\erclient.tlog\link.delete.1.tlog
c:\program files\v-rep3\v-rep_pro_edu\programming\v_repexter_minimal - copy (5)\erclient\x64\debug\erclient.tlog\link.read.1.tlog
c:\program files\v-rep3\v-rep_pro_edu\programming\v_repexter_minimal - copy (5)\erclient\x64\debug\erclient.tlog\link.write.1.tlog
