seed set to 1
arguments are: /home/miller/Desktop/ARE_Bitbucket/evolutionary_robotics_framework/EvolutionVREP/experiments/morphneuro/parameters.csv, 10000, 3, 
Connecting to vrep on port 10000
Connecting to vrep on port 10001
Connecting to vrep on port 10002
Seed set to 1621503252
initialized EA 
Starting Simulation
Starting Simulation
Slave 2 Waiting for all instances to finish before starting next generation
Slave 2 Waiting for all instances to finish before starting next generation
Slave 2 Waiting for all instances to finish before starting next generation
Slave 2 Waiting for all instances to finish before starting next generation
Slave : 0 individual 1 is evaluated
Slave : 0 fitness = 0.645544, 
Slave : 1 individual 0 is evaluated
Slave : 1 fitness = 0.636839, 
Slave 2 Waiting for all instances to finish before starting next generation
Slave 0 Waiting for all instances to finish before starting next generation
Slave 1 Waiting for all instances to finish before starting next generation
Slave 2 Waiting for all instances to finish before starting next generation
0
1
-_- GENERATION _-_ 0 finished
Starting Simulation
Starting Simulation
Starting Simulation
Slave : 0 individual 3 is evaluated
Slave : 0 fitness = 0.643957, 
Slave : 1 individual 2 is evaluated
Slave : 1 fitness = 0.643537, 
Slave : 2 individual 1 is evaluated
Slave : 2 fitness = 0.638629, 
Starting Simulation
Slave 1 Waiting for all instances to finish before starting next generation
Slave 2 Waiting for all instances to finish before starting next generation
Slave 1 Waiting for all instances to finish before starting next generation
Slave 2 Waiting for all instances to finish before starting next generation
Slave 1 Waiting for all instances to finish before starting next generation
Slave 2 Waiting for all instances to finish before starting next generation
Slave 1 Waiting for all instances to finish before starting next generation
Slave 2 Waiting for all instances to finish before starting next generation
Slave 1 Waiting for all instances to finish before starting next generation
Slave 2 Waiting for all instances to finish before starting next generation
Slave 1 Waiting for all instances to finish before starting next generation
Slave 2 Waiting for all instances to finish before starting next generation
Slave 1 Waiting for all instances to finish before starting next generation
Slave 2 Waiting for all instances to finish before starting next generation
Slave 1 Waiting for all instances to finish before starting next generation
Slave 2 Waiting for all instances to finish before starting next generation
Slave : 0 individual 0 is evaluated
Slave : 0 fitness = 0.617361, 
Slave 1 Waiting for all instances to finish before starting next generation
Slave 2 Waiting for all instances to finish before starting next generation
Slave 0 Waiting for all instances to finish before starting next generation
Slave 1 Waiting for all instances to finish before starting next generation
Slave 2 Waiting for all instances to finish before starting next generation
Inside Inner Loop0
0
1
0
1
-_- GENERATION _-_ 1 finished
Starting Simulation
Starting Simulation
Starting Simulation
Slave : 0 individual 3 is evaluated
Slave : 0 fitness = 0.644155, 
Slave : 1 individual 2 is evaluated
Slave : 1 fitness = 0.643143, 
Starting Simulation
Slave 1 Waiting for all instances to finish before starting next generation
Slave 1 Waiting for all instances to finish before starting next generation
Slave : 2 individual 1 is evaluated
Slave : 2 fitness = 0.698878, 
Slave : 0 individual 0 is evaluated
Slave : 0 fitness = 0.64602, 
Slave 1 Waiting for all instances to finish before starting next generation
Slave 2 Waiting for all instances to finish before starting next generation
Slave 0 Waiting for all instances to finish before starting next generation
Slave 1 Waiting for all instances to finish before starting next generation
Slave 2 Waiting for all instances to finish before starting next generation
Inside Inner Loop1
0
1
0
1
-_- GENERATION _-_ 2 finished
Starting Simulation
Starting Simulation
Starting Simulation
Slave : 0 individual 3 is evaluated
Slave : 0 fitness = 0.643239, 
Slave : 1 individual 2 is evaluated
Slave : 1 fitness = 0.642967, 
Starting Simulation
Slave 1 Waiting for all instances to finish before starting next generation
Slave 1 Waiting for all instances to finish before starting next generation
Slave : 2 individual 1 is evaluated
Slave : 2 fitness = 0.67825, 
Slave : 0 individual 0 is evaluated
Slave : 0 fitness = 0.645083, 
Slave 1 Waiting for all instances to finish before starting next generation
Slave 2 Waiting for all instances to finish before starting next generation
Slave 0 Waiting for all instances to finish before starting next generation
Slave 1 Waiting for all instances to finish before starting next generation
Slave 2 Waiting for all instances to finish before starting next generation
Inside Outer Loop
idx_to_keep 2
6
7
-_- GENERATION _-_ 3 finished
Starting Simulation
Starting Simulation
Starting Simulation
Slave : 0 individual 3 is evaluated
Slave : 0 fitness = 0.647188, 
Slave : 1 individual 2 is evaluated
Slave : 1 fitness = 0.64712, 
Starting Simulation
Slave 1 Waiting for all instances to finish before starting next generation
Slave 1 Waiting for all instances to finish before starting next generation
Slave : 2 individual 1 is evaluated
Slave : 2 fitness = 0.644461, 
Slave 1 Waiting for all instances to finish before starting next generation
Slave 2 Waiting for all instances to finish before starting next generation
Slave 1 Waiting for all instances to finish before starting next generation
Slave 2 Waiting for all instances to finish before starting next generation
Slave 1 Waiting for all instances to finish before starting next generation
Slave 2 Waiting for all instances to finish before starting next generation
Slave 1 Waiting for all instances to finish before starting next generation
Slave 2 Waiting for all instances to finish before starting next generation
Slave 1 Waiting for all instances to finish before starting next generation
Slave 2 Waiting for all instances to finish before starting next generation
Slave 1 Waiting for all instances to finish before starting next generation
Slave 2 Waiting for all instances to finish before starting next generation
Slave : 0 individual 0 is evaluated
Slave : 0 fitness = 0.645527, 
Slave 1 Waiting for all instances to finish before starting next generation
Slave 2 Waiting for all instances to finish before starting next generation
Slave 0 Waiting for all instances to finish before starting next generation
Slave 1 Waiting for all instances to finish before starting next generation
Slave 2 Waiting for all instances to finish before starting next generation
Inside Inner Loop0
0
1
0
1
-_- GENERATION _-_ 4 finished
---------------------
Evolution is Finished
---------------------
